<?xml version="1.0" encoding="UTF-8"?>
<!-- Generated by org.testng.reporters.JUnitReportReporter -->
<testsuite hostname="LAPTOP-LUUND0DS" failures="0" tests="1" name="com.hrmsTestscripts.TC002" time="5.471" errors="0" timestamp="2021-07-20T11:17:44 IST" skipped="0">
  <testcase classname="com.hrmsTestscripts.TC002" name="tc002" time="5.471"/>
  <system-out>
    <![CDATA[Application opened
Login completed
Title matched
Logout completed]]>
  </system-out>
</testsuite> <!-- com.hrmsTestscripts.TC002 -->
