<?xml version="1.0" encoding="UTF-8"?>
<!-- Generated by org.testng.reporters.JUnitReportReporter -->
<testsuite hostname="LAPTOP-LUUND0DS" failures="0" tests="1" name="com.hrmsTestscripts.TC003" time="4.230" errors="0" timestamp="2021-07-19T15:07:01 IST" skipped="0">
  <testcase classname="com.hrmsTestscripts.TC003" name="tc003" time="4.230"/>
  <system-out>
    <![CDATA[Application opened
Login completed
Logout completed]]>
  </system-out>
</testsuite> <!-- com.hrmsTestscripts.TC003 -->
